[debug] [2021-03-24T07:47:18.294Z] ----------------------------------------------------------------------
[debug] [2021-03-24T07:47:18.296Z] Command:       C:\Program Files\nodejs\node.exe C:\Users\Dell\AppData\Roaming\npm\node_modules\firebase-tools\lib\bin\firebase.js deploy
[debug] [2021-03-24T07:47:18.296Z] CLI Version:   9.5.0
[debug] [2021-03-24T07:47:18.296Z] Platform:      win32
[debug] [2021-03-24T07:47:18.296Z] Node Version:  v12.18.2
[debug] [2021-03-24T07:47:18.297Z] Time:          Wed Mar 24 2021 13:17:18 GMT+0530 (India Standard Time)
[debug] [2021-03-24T07:47:18.297Z] ----------------------------------------------------------------------
[debug] [2021-03-24T07:47:18.298Z] 
[debug] [2021-03-24T07:47:18.305Z] > command requires scopes: ["email","openid","https://www.googleapis.com/auth/cloudplatformprojects.readonly","https://www.googleapis.com/auth/firebase","https://www.googleapis.com/auth/cloud-platform"]
[debug] [2021-03-24T07:47:18.306Z] > authorizing via signed-in user
[debug] [2021-03-24T07:47:18.306Z] [iam] checking project bigbasketclone-d2ba7 for permissions ["firebase.projects.get","firebasehosting.sites.update"]
[debug] [2021-03-24T07:47:18.308Z] >>> HTTP REQUEST POST https://cloudresourcemanager.googleapis.com/v1/projects/bigbasketclone-d2ba7:testIamPermissions  
 {"permissions":["firebase.projects.get","firebasehosting.sites.update"]}
[debug] [2021-03-24T07:47:20.056Z] <<< HTTP RESPONSE 200 {"content-type":"application/json; charset=UTF-8","vary":"X-Origin, Referer, Origin,Accept-Encoding","date":"Wed, 24 Mar 2021 07:47:21 GMT","server":"ESF","cache-control":"private","x-xss-protection":"0","x-frame-options":"SAMEORIGIN","x-content-type-options":"nosniff","server-timing":"gfet4t7; dur=1308","alt-svc":"h3-29=\":443\"; ma=2592000,h3-T051=\":443\"; ma=2592000,h3-Q050=\":443\"; ma=2592000,h3-Q046=\":443\"; ma=2592000,h3-Q043=\":443\"; ma=2592000,quic=\":443\"; ma=2592000; v=\"46,43\"","accept-ranges":"none","transfer-encoding":"chunked"}
[debug] [2021-03-24T07:47:20.059Z] > refreshing access token with scopes: []
[debug] [2021-03-24T07:47:20.059Z] >>> HTTP REQUEST POST https://www.googleapis.com/oauth2/v3/token  
 <request body omitted>
[debug] [2021-03-24T07:47:20.430Z] <<< HTTP RESPONSE 200 {"pragma":"no-cache","cache-control":"no-cache, no-store, max-age=0, must-revalidate","expires":"Mon, 01 Jan 1990 00:00:00 GMT","date":"Wed, 24 Mar 2021 07:47:21 GMT","content-type":"application/json; charset=utf-8","vary":"X-Origin, Referer, Origin,Accept-Encoding","server":"scaffolding on HTTPServer2","x-xss-protection":"0","x-frame-options":"SAMEORIGIN","x-content-type-options":"nosniff","alt-svc":"h3-29=\":443\"; ma=2592000,h3-T051=\":443\"; ma=2592000,h3-Q050=\":443\"; ma=2592000,h3-Q046=\":443\"; ma=2592000,h3-Q043=\":443\"; ma=2592000,quic=\":443\"; ma=2592000; v=\"46,43\"","accept-ranges":"none","transfer-encoding":"chunked"}
[debug] [2021-03-24T07:47:20.438Z] >>> [apiv2][query] GET https://firebase.googleapis.com/v1beta1/projects/bigbasketclone-d2ba7 [none]
[debug] [2021-03-24T07:47:21.021Z] <<< [apiv2][status] GET https://firebase.googleapis.com/v1beta1/projects/bigbasketclone-d2ba7 200
[debug] [2021-03-24T07:47:21.021Z] <<< [apiv2][body] GET https://firebase.googleapis.com/v1beta1/projects/bigbasketclone-d2ba7 {"projectId":"bigbasketclone-d2ba7","projectNumber":"381582264662","displayName":"bigbasketClone","name":"projects/bigbasketclone-d2ba7","resources":{"hostingSite":"bigbasketclone-d2ba7"},"state":"ACTIVE"}
[info] 
[info] === Deploying to 'bigbasketclone-d2ba7'...
[info] 
[info] i  deploying hosting 
[debug] [2021-03-24T07:47:21.025Z] > refreshing access token with scopes: ["email","https://www.googleapis.com/auth/cloud-platform","https://www.googleapis.com/auth/cloudplatformprojects.readonly","https://www.googleapis.com/auth/firebase","openid"]
[debug] [2021-03-24T07:47:21.025Z] >>> HTTP REQUEST POST https://www.googleapis.com/oauth2/v3/token  
 <request body omitted>
[debug] [2021-03-24T07:47:21.321Z] <<< HTTP RESPONSE 200 {"date":"Wed, 24 Mar 2021 07:47:22 GMT","cache-control":"no-cache, no-store, max-age=0, must-revalidate","pragma":"no-cache","expires":"Mon, 01 Jan 1990 00:00:00 GMT","content-type":"application/json; charset=utf-8","vary":"X-Origin, Referer, Origin,Accept-Encoding","server":"scaffolding on HTTPServer2","x-xss-protection":"0","x-frame-options":"SAMEORIGIN","x-content-type-options":"nosniff","alt-svc":"h3-29=\":443\"; ma=2592000,h3-T051=\":443\"; ma=2592000,h3-Q050=\":443\"; ma=2592000,h3-Q046=\":443\"; ma=2592000,h3-Q043=\":443\"; ma=2592000,quic=\":443\"; ma=2592000; v=\"46,43\"","accept-ranges":"none","transfer-encoding":"chunked"}
[debug] [2021-03-24T07:47:21.329Z] >>> HTTP REQUEST POST https://firebasehosting.googleapis.com/v1beta1/sites/bigbasketclone-d2ba7/versions  
 {"config":{"rewrites":[{"glob":"**","path":"/index.html"}]},"labels":{"deployment-tool":"cli-firebase"}}
[debug] [2021-03-24T07:47:23.337Z] <<< HTTP RESPONSE 200 {"content-type":"application/json; charset=UTF-8","vary":"X-Origin, Referer, Origin,Accept-Encoding","date":"Wed, 24 Mar 2021 07:47:24 GMT","server":"ESF","cache-control":"private","x-xss-protection":"0","x-frame-options":"SAMEORIGIN","x-content-type-options":"nosniff","alt-svc":"h3-29=\":443\"; ma=2592000,h3-T051=\":443\"; ma=2592000,h3-Q050=\":443\"; ma=2592000,h3-Q046=\":443\"; ma=2592000,h3-Q043=\":443\"; ma=2592000,quic=\":443\"; ma=2592000; v=\"46,43\"","accept-ranges":"none","transfer-encoding":"chunked"}
[info] i  hosting[bigbasketclone-d2ba7]: beginning deploy... 
[info] i  hosting[bigbasketclone-d2ba7]: found 75 files in build 
[debug] [2021-03-24T07:47:23.533Z] > refreshing access token with scopes: []
[debug] [2021-03-24T07:47:23.533Z] >>> HTTP REQUEST POST https://www.googleapis.com/oauth2/v3/token  
 <request body omitted>
[debug] [2021-03-24T07:47:23.535Z] [hosting] hash cache [YnVpbGQ] stored for 75 files
[debug] [2021-03-24T07:47:23.535Z] [hosting][hash queue][FINAL] {"max":154,"min":14,"avg":44.29333333333334,"active":0,"complete":75,"success":75,"errored":0,"retried":0,"total":75,"elapsed":164}
[debug] [2021-03-24T07:47:23.818Z] <<< HTTP RESPONSE 200 {"expires":"Mon, 01 Jan 1990 00:00:00 GMT","date":"Wed, 24 Mar 2021 07:47:25 GMT","cache-control":"no-cache, no-store, max-age=0, must-revalidate","pragma":"no-cache","content-type":"application/json; charset=utf-8","vary":"X-Origin, Referer, Origin,Accept-Encoding","server":"scaffolding on HTTPServer2","x-xss-protection":"0","x-frame-options":"SAMEORIGIN","x-content-type-options":"nosniff","alt-svc":"h3-29=\":443\"; ma=2592000,h3-T051=\":443\"; ma=2592000,h3-Q050=\":443\"; ma=2592000,h3-Q046=\":443\"; ma=2592000,h3-Q043=\":443\"; ma=2592000,quic=\":443\"; ma=2592000; v=\"46,43\"","accept-ranges":"none","transfer-encoding":"chunked"}
[debug] [2021-03-24T07:47:23.829Z] >>> [apiv2][query] POST https://firebasehosting.googleapis.com/v1beta1/sites/bigbasketclone-d2ba7/versions/1a038ac54efa7c7c:populateFiles [none]
[debug] [2021-03-24T07:47:23.829Z] >>> [apiv2][body] POST https://firebasehosting.googleapis.com/v1beta1/sites/bigbasketclone-d2ba7/versions/1a038ac54efa7c7c:populateFiles {"files":{"/favicon.ico":"eae62e993eb980ec8a25058c39d5a51feab118bd2100c4deebb2a9c158ec11f9","/logo192.png":"3ee59515172ee198f3be375979df15ac5345183e656720a381b8872b2a39dc8b","/logo512.png":"ee7e2f3fdb8209c4b6fd7bef6ba50d1b9dba30a25bb5c3126df057e1cb6f5331","/manifest.json":"aff3449bdc238776f5d6d967f19ec491b36aed5fb7f23ccff6500736fd58494a","/robots.txt":"bfe106a3fb878dc83461c86818bf74fc1bdc7f28538ba613cd3e775516ce8b49","/asset-manifest.json":"ce30aa2681635ab855f38467820b8d7e7c18ae58f2225db92630ac7fd836bde7","/index.html":"c8a8da17cece2d86b253513c23c030cb6804c48d4a206e838d3b50b93996c673","/static/css/main.6dea0f05.chunk.css":"c499cef8b35c8caab7450541cedc21daa38efe1be0cc8e177b8e1ed3fe3a21ce","/static/js/2.cabd59a7.chunk.js.LICENSE.txt":"1049a2a7ded28f0b67f315423370fb7bb0e04740fb52d14dd8af135499e04e50","/static/css/main.6dea0f05.chunk.css.map":"3ab83225cf1664f4cc84e22963e3d093c935fb6a5634f1dcf099a70ffc58d1b8","/static/js/3.00c90575.chunk.js":"f22d7cf209c96de3d181017e81f6b146fe858e07bdbc83bedb5b98f2d6b63431","/static/js/3.00c90575.chunk.js.map":"34d678aac6e6dec080913cd6574d3b6765e8f946676bf28635226e88f54dac12","/static/js/runtime-main.e5ee7485.js":"283c820348dd5a008d6d56e9d30911f6264bc4a182c0e7508dcc47421e54c72d","/static/js/runtime-main.e5ee7485.js.map":"0e32da05c9dee2d1aa2b00ea2ff03a6b15b601ba70e16f08b2d53d86811a0f1a","/static/media/1.9b9303c4.png":"7336a0a5e28b276f48261470ae5eba3decbe04cc3b41cc6ff13c7cc1315cf29f","/static/media/2.59a59027.jpg":"db299d17e8bde9fecab20befe8600b1b5ae77eff242291b165d38882517be76d","/static/media/2.a4367623.jpg":"6d64436489d6bcefed74e398359a26e9934413a05b5c247b24da5005309fbd68","/static/media/2.b1f90818.jpg":"2607d3576aeba725b36d6c39e3295f734cc28fbdf40f095592bbabba0c09c1a8","/static/media/3.0b80eac9.jpg":"14943c05177bc81a2d4058d5e2d2cc0977937741cee11e03a4775e14cfaee5ca","/static/media/3.c291b67e.jpg":"d59f20414d68b7a2b07e1cc8cf2d30ea9ebf976c35f986d39a3f606e24ea55bb","/static/media/1.03cb8ad0.png":"42babc957f94de5bc026580d0e06c9d5304b2020f5b9052898c1a84008b64507","/static/media/1.30bfe716.jpg":"3405082708314cc1e1d585d3f91e4233009c3d569f7f10b9b0a93102eade0b29","/static/media/1.517682e4.jpg":"5ca21a7d91c7c8de2fd5ebd7bc0f12b3de5c5b3806d98d9e92754dd7425269b9","/static/media/1.60b1ae0c.jpg":"67aa1f6f2a4ed29079a0c8ec8c70824f92e32bf2b54d99e971c1eaccdca873f3","/static/media/1.e68b21b4.jpg":"32827fe91c82f5296da57426b4413a692028f0bc8080aaeee671185f3ce23ead","/static/media/1.828eb656.jpg":"4504175990d8562331c5accf4f9532f5e7830f4b04bfe2a639e77094b898b4ff","/static/media/2.33a6c82c.jpg":"939334a6f0cd9e2eaa90637ab2d2ffe9860e48c11564c22cffe7a9ad297c7095","/static/media/1.fa7d09f0.jpg":"43d4d9c39d2e82a172a7083de0f2cef3c4facc897741f7ae4749fadf77488333","/static/media/2.9a17ad34.jpg":"5172d7e4d7f4dcaa7048b410b41434eb1edfac6ddf30f349a0f93236d50e2ad7","/static/media/2.c84c5a5a.png":"a14129ea3ec841c1d6feb8f8dc737b2243a7ab13da551122c75d3cc73e768f64","/static/media/2.3485fe66.jpg":"383733e8d4342b7ea78ea82f9b35beff50b4f456ce84ae30260e33dda3d43cd9","/static/media/2.f4f71a49.jpg":"b202ae9e836ca7df4aea3497e4b30ab1411def2fce5fc1336789e88e68cb7107","/static/media/3.40c31061.png":"80ae6ddaaa7dfc521b103c9be1511f61c8caf96a297dc0f2411f2388cdde8ab8","/static/media/3.00a7a4c8.jpg":"b706f046416f4a6a78ee8727fa0db5da71457e3b1ba93835505ba2be55b76fe9","/static/media/3.0140f317.jpg":"67d42a9773c9b37ef438f7af9b3db72c9e9b48a15d31ac087313751dd1ab8e20","/static/media/3.5526622f.jpg":"84ec1640473dd28857135d60347d049aa1bc8e6f803bfee96aaaa0bfca324cce","/static/media/3.eb74bce9.jpg":"536bda1d1150ad22ec722023df511011a8e60d453551f2ebf27a2e62422edf38","/static/media/1.4f42acd7.jpg":"7065d5387bb8872b65e2cc140470eda9f3c3e12bde0da720521081ba3fc8505f","/static/media/1.ccd3adf8.png":"82f3f18bbbe5b0726e13d4c943c1ad268254befc4afab9de45893ec31287d535","/static/media/2.003d500f.png":"73c404d24c443e4956013f50a5c76ba0c769c4938a2bd891bf9d8f859e6329fa","/static/media/2.b5e8a9c5.png":"6f22b096a5b31e652bc0b44000cc6e2fd3837ffdf955beced99b97bc188546c9","/static/media/3.003fa3cb.jpg":"4f6f6182c025673de2aff24be7650af44ff3c2af2df19190a69b513230c19713","/static/media/3.6ee04f61.png":"58805b59a1a297b27219e6dea007e2c3e4decaa545c12eb7f1bb211df523f646","/static/media/1.0e492a97.png":"5b423cc4f1b6e1aff2c8b9998601873f083f0edae748a8d54a90874de213c3d1","/static/css/2.4c97ca4f.chunk.css":"7e6538a6f0fc738a788c03a9cee1861c42fe2f29017e5026cb867636b24dcf77","/static/media/2.de90e66e.png":"058af81b8bd21065eb862a6bab164fe5539a363693d2b17ebb564d535e665e3e","/static/media/4.25714fd0.jpg":"248fb04448afb99c0669e5137e75d6016a4adcc012716c1b5259decd40331cd0","/static/media/4.43a13ba5.png":"6b09381c0b39cc9ec6c605785e314ee33cdf906730a10164a9865f2e00bc9501","/static/media/4.c3fa88ec.jpg":"6adf1cd34acbaaae08e4c86b621bdbc4e78f91e6852a132bd3d44e5749978ff1","/static/js/main.f87f6f50.chunk.js":"bc523b07af5b00a73956df7cb7cd201174e63bc706e043348f84b834236c177f","/static/media/5.6efe9216.jpg":"e2b443cab45d64da9ad228d8162a40ded0aca2e06ac210520c6bb379e60f6ef9","/static/media/3.f77603b8.png":"626cd7abbc41199ca0bcef75d3c496f7aed34f24a7c5fe5d0d1c6edc231e7c30","/static/media/4.10ee92ee.jpg":"d49c0d2e1aa94f15129cbce18c650270038a1282df7e5e845fb6c0f00a0754bd","/static/media/4.907c144e.jpg":"cafb4e4618faa99de7fe1d4c0ca15503408bb04e136364f8171c31eb0a3d8257","/static/media/1.821da814.png":"46831331f5ebe13e9be8f5ec8555a2441f226cebce82b9fb04b18c13b4b59097","/static/media/4.d5272f98.jpg":"45bfbb5c133fd7bba4f34352c1d8d2c9a9c2d539874f37570cd4796d5b376ebe","/static/media/5.117d6e86.jpg":"8e8a87bc06efdbca8cf7ab16f0c17cf8a370d424a6e6583e42f6664c84d044aa","/static/media/2.e4951a2c.png":"0a4bb3982778470541976628b14636b4fb786dc7ef69b29036a31c30460896d5","/static/media/5.d6d64e84.jpg":"b46e6e88b599b0f762d1a34d0a71128ba6e614cf2d44a9e64e5187f5a417f018","/static/media/smallLogo.140f396e.png":"3f3542d6ee5afd009d92169eed69620e1aec2f7e02bf5549c996b455bfc36343","/static/js/main.f87f6f50.chunk.js.map":"3d7475a641a088314332a971fb74b1b857d8a531b6118d21fbe7ccc84fdd8cf0","/static/media/1.3de2a54f.png":"96cdf32c53b9768aa003797c801c43827a041947be1b4b7aafb47413ace7d5be","/static/js/2.cabd59a7.chunk.js":"e3322c7ae3b110d4b6c52477a31bb2111dd566d219dda3dbabf6a15ad6c3ffe8","/static/media/bucket.2e64cc67.png":"db29a4147bc0cdf3cb3eae6334c77e293351f1844b9294744baa5b59402af1d1","/static/media/3.e0a92a27.png":"8de44985f817369068cd27526192152a8686ed5acd5f5b7990f69629a7799afa","/static/media/4.e6ce93a7.jpg":"b456580bbf3a925595e45cb0c4b958cdccd9b6a455c08d7ef1d04559621e2ee5","/static/media/4.36e1aaee.jpg":"1496d65914c23de4399d51cfe18aa7b0fc50b8e44ade25e6b2fe2786c035cf7c","/static/media/4.57fd7236.png":"a2a8439d169a3856d45bf08ce4b78dc0177ec21f3404b88d4047b395a6a67cd2","/static/media/BigBasketLogo.998c7a16.jpg":"2bc21a42fdf462958c9579c96d41227fe19640e2ca62d270d3d70dec483f845a","/static/media/pay.bc6be669.png":"122e374e59f7fd80e421559293776956df933729ce14d2805ea65e21d64c7382","/static/media/4.ac0c4382.png":"662eb9fddbb546b2ca91a707a3818f3402ebb7cda3c656718ee6b0924316ea35","/static/media/meat.cbe74859.png":"905a300792744797eb2f9c483922a19c772c9c3e0b37738d0781c301b2101356","/static/media/5.944b8953.png":"ab8224df36b15b3a4dbb0779028d9a11617d1cb79801c1575db205d9abdd43b4","/static/css/2.4c97ca4f.chunk.css.map":"a70eaab29a7c2121a70e08850c01f71611bdc0c137e6a4b349704641c33af035","/static/js/2.cabd59a7.chunk.js.map":"57d37c75925d7e8195fbdd383ae5a695d2073ec66028ff3640777d532574dd09"}}
[debug] [2021-03-24T07:47:25.711Z] <<< [apiv2][status] POST https://firebasehosting.googleapis.com/v1beta1/sites/bigbasketclone-d2ba7/versions/1a038ac54efa7c7c:populateFiles 200
[debug] [2021-03-24T07:47:25.711Z] <<< [apiv2][body] POST https://firebasehosting.googleapis.com/v1beta1/sites/bigbasketclone-d2ba7/versions/1a038ac54efa7c7c:populateFiles {"uploadRequiredHashes":["3d7475a641a088314332a971fb74b1b857d8a531b6118d21fbe7ccc84fdd8cf0","bc523b07af5b00a73956df7cb7cd201174e63bc706e043348f84b834236c177f","c8a8da17cece2d86b253513c23c030cb6804c48d4a206e838d3b50b93996c673","ce30aa2681635ab855f38467820b8d7e7c18ae58f2225db92630ac7fd836bde7"],"uploadUrl":"https://upload-firebasehosting.googleapis.com/upload/sites/bigbasketclone-d2ba7/versions/1a038ac54efa7c7c/files"}
[debug] [2021-03-24T07:47:25.713Z] >>> [apiv2][query] POST https://upload-firebasehosting.googleapis.com/upload/sites/bigbasketclone-d2ba7/versions/1a038ac54efa7c7c/files/3d7475a641a088314332a971fb74b1b857d8a531b6118d21fbe7ccc84fdd8cf0 [none]
[debug] [2021-03-24T07:47:25.713Z] >>> [apiv2][body] POST https://upload-firebasehosting.googleapis.com/upload/sites/bigbasketclone-d2ba7/versions/1a038ac54efa7c7c/files/3d7475a641a088314332a971fb74b1b857d8a531b6118d21fbe7ccc84fdd8cf0 [stream]
[debug] [2021-03-24T07:47:25.715Z] >>> [apiv2][query] POST https://upload-firebasehosting.googleapis.com/upload/sites/bigbasketclone-d2ba7/versions/1a038ac54efa7c7c/files/bc523b07af5b00a73956df7cb7cd201174e63bc706e043348f84b834236c177f [none]
[debug] [2021-03-24T07:47:25.715Z] >>> [apiv2][body] POST https://upload-firebasehosting.googleapis.com/upload/sites/bigbasketclone-d2ba7/versions/1a038ac54efa7c7c/files/bc523b07af5b00a73956df7cb7cd201174e63bc706e043348f84b834236c177f [stream]
[debug] [2021-03-24T07:47:25.716Z] >>> [apiv2][query] POST https://upload-firebasehosting.googleapis.com/upload/sites/bigbasketclone-d2ba7/versions/1a038ac54efa7c7c/files/c8a8da17cece2d86b253513c23c030cb6804c48d4a206e838d3b50b93996c673 [none]
[debug] [2021-03-24T07:47:25.716Z] >>> [apiv2][body] POST https://upload-firebasehosting.googleapis.com/upload/sites/bigbasketclone-d2ba7/versions/1a038ac54efa7c7c/files/c8a8da17cece2d86b253513c23c030cb6804c48d4a206e838d3b50b93996c673 [stream]
[debug] [2021-03-24T07:47:25.717Z] >>> [apiv2][query] POST https://upload-firebasehosting.googleapis.com/upload/sites/bigbasketclone-d2ba7/versions/1a038ac54efa7c7c/files/ce30aa2681635ab855f38467820b8d7e7c18ae58f2225db92630ac7fd836bde7 [none]
[debug] [2021-03-24T07:47:25.717Z] >>> [apiv2][body] POST https://upload-firebasehosting.googleapis.com/upload/sites/bigbasketclone-d2ba7/versions/1a038ac54efa7c7c/files/ce30aa2681635ab855f38467820b8d7e7c18ae58f2225db92630ac7fd836bde7 [stream]
[debug] [2021-03-24T07:47:25.718Z] [hosting][populate queue][FINAL] {"max":2181,"min":2181,"avg":2181,"active":0,"complete":1,"success":1,"errored":0,"retried":0,"total":1,"elapsed":2186}
[debug] [2021-03-24T07:47:25.719Z] [hosting] uploads queued: 4
[debug] [2021-03-24T07:47:29.912Z] <<< [apiv2][status] POST https://upload-firebasehosting.googleapis.com/upload/sites/bigbasketclone-d2ba7/versions/1a038ac54efa7c7c/files/c8a8da17cece2d86b253513c23c030cb6804c48d4a206e838d3b50b93996c673 200
[debug] [2021-03-24T07:47:29.912Z] <<< [apiv2][body] POST https://upload-firebasehosting.googleapis.com/upload/sites/bigbasketclone-d2ba7/versions/1a038ac54efa7c7c/files/c8a8da17cece2d86b253513c23c030cb6804c48d4a206e838d3b50b93996c673 [stream]
[debug] [2021-03-24T07:47:30.155Z] <<< [apiv2][status] POST https://upload-firebasehosting.googleapis.com/upload/sites/bigbasketclone-d2ba7/versions/1a038ac54efa7c7c/files/ce30aa2681635ab855f38467820b8d7e7c18ae58f2225db92630ac7fd836bde7 200
[debug] [2021-03-24T07:47:30.156Z] <<< [apiv2][body] POST https://upload-firebasehosting.googleapis.com/upload/sites/bigbasketclone-d2ba7/versions/1a038ac54efa7c7c/files/ce30aa2681635ab855f38467820b8d7e7c18ae58f2225db92630ac7fd836bde7 [stream]
[debug] [2021-03-24T07:47:30.956Z] <<< [apiv2][status] POST https://upload-firebasehosting.googleapis.com/upload/sites/bigbasketclone-d2ba7/versions/1a038ac54efa7c7c/files/3d7475a641a088314332a971fb74b1b857d8a531b6118d21fbe7ccc84fdd8cf0 200
[debug] [2021-03-24T07:47:30.956Z] <<< [apiv2][body] POST https://upload-firebasehosting.googleapis.com/upload/sites/bigbasketclone-d2ba7/versions/1a038ac54efa7c7c/files/3d7475a641a088314332a971fb74b1b857d8a531b6118d21fbe7ccc84fdd8cf0 [stream]
[debug] [2021-03-24T07:47:31.428Z] <<< [apiv2][status] POST https://upload-firebasehosting.googleapis.com/upload/sites/bigbasketclone-d2ba7/versions/1a038ac54efa7c7c/files/bc523b07af5b00a73956df7cb7cd201174e63bc706e043348f84b834236c177f 200
[debug] [2021-03-24T07:47:31.428Z] <<< [apiv2][body] POST https://upload-firebasehosting.googleapis.com/upload/sites/bigbasketclone-d2ba7/versions/1a038ac54efa7c7c/files/bc523b07af5b00a73956df7cb7cd201174e63bc706e043348f84b834236c177f [stream]
[debug] [2021-03-24T07:47:31.428Z] [hosting][upload queue][FINAL] {"max":5716,"min":4201,"avg":4901.5,"active":0,"complete":4,"success":4,"errored":0,"retried":0,"total":4,"elapsed":5717}
[info] +  hosting[bigbasketclone-d2ba7]: file upload complete 
[debug] [2021-03-24T07:47:31.429Z] [hosting] deploy completed after 8090ms
[debug] [2021-03-24T07:47:40.974Z] [
  {
    "config": {
      "public": "build",
      "ignore": [
        "firebase.json",
        "**/.*",
        "**/node_modules/**"
      ],
      "rewrites": [
        {
          "source": "**",
          "destination": "/index.html"
        }
      ],
      "site": "bigbasketclone-d2ba7"
    },
    "site": "bigbasketclone-d2ba7",
    "version": "sites/bigbasketclone-d2ba7/versions/1a038ac54efa7c7c"
  }
]
[info] i  hosting[bigbasketclone-d2ba7]: finalizing version... 
[debug] [2021-03-24T07:47:40.975Z] > refreshing access token with scopes: ["email","https://www.googleapis.com/auth/cloud-platform","https://www.googleapis.com/auth/cloudplatformprojects.readonly","https://www.googleapis.com/auth/firebase","openid"]
[debug] [2021-03-24T07:47:40.975Z] >>> HTTP REQUEST POST https://www.googleapis.com/oauth2/v3/token  
 <request body omitted>
[debug] [2021-03-24T07:47:43.110Z] <<< HTTP RESPONSE 200 {"pragma":"no-cache","expires":"Mon, 01 Jan 1990 00:00:00 GMT","cache-control":"no-cache, no-store, max-age=0, must-revalidate","date":"Wed, 24 Mar 2021 07:47:44 GMT","content-type":"application/json; charset=utf-8","vary":"X-Origin, Referer, Origin,Accept-Encoding","server":"scaffolding on HTTPServer2","x-xss-protection":"0","x-frame-options":"SAMEORIGIN","x-content-type-options":"nosniff","alt-svc":"h3-29=\":443\"; ma=2592000,h3-T051=\":443\"; ma=2592000,h3-Q050=\":443\"; ma=2592000,h3-Q046=\":443\"; ma=2592000,h3-Q043=\":443\"; ma=2592000,quic=\":443\"; ma=2592000; v=\"46,43\"","accept-ranges":"none","transfer-encoding":"chunked"}
[debug] [2021-03-24T07:47:43.114Z] >>> HTTP REQUEST PATCH https://firebasehosting.googleapis.com/v1beta1/sites/bigbasketclone-d2ba7/versions/1a038ac54efa7c7c?updateMask=status  
 {"status":"FINALIZED"}
[debug] [2021-03-24T07:47:48.769Z] Error: read ECONNRESET
    at TLSWrap.onStreamRead (internal/stream_base_commons.js:205:27)
[error] 
[error] Error: Server Error. read ECONNRESET
